<?xml version="1.0" encoding="UTF-8"?>
<!-- Generated by org.testng.reporters.JUnitXMLReporter -->
<testsuite hostname="Shri" ignored="5" tests="1" failures="0" timestamp="2019-09-17T17:07:22 EDT" time="10.488" errors="0">
  <testcase name="GetResponseBody" time="10.215" classname="SimpleGetTest"/>
  <testcase name="GetInvalidStatusCode" time="0.0" classname="SimpleGetTest">
    <ignored/>
  </testcase> <!-- GetInvalidStatusCode -->
  <testcase name="GetAllHeaderValues" time="0.0" classname="SimpleGetTest">
    <ignored/>
  </testcase> <!-- GetAllHeaderValues -->
  <testcase name="GetWeatherDetails" time="0.0" classname="SimpleGetTest">
    <ignored/>
  </testcase> <!-- GetWeatherDetails -->
  <testcase name="GetGivenStatusLine" time="0.0" classname="SimpleGetTest">
    <ignored/>
  </testcase> <!-- GetGivenStatusLine -->
  <testcase name="GetResponseHeader" time="0.0" classname="SimpleGetTest">
    <ignored/>
  </testcase> <!-- GetResponseHeader -->
</testsuite>
